<?xml version="1.0" encoding="utf-8"?><testsuites><testsuite name="pytest" errors="0" failures="0" skipped="0" tests="17" time="1.131" timestamp="2025-02-11T23:16:11.118325-03:00" hostname="pop-os"><testcase classname="tests.methods.architectures.torch.test_double_q" name="test_double_q_net_forward" time="0.005" /><testcase classname="tests.methods.architectures.torch.test_gaussian_policy" name="test_gaussian_policy_forward" time="0.002" /><testcase classname="tests.methods.architectures.torch.test_gaussian_policy" name="test_gaussian_policy_sample" time="0.003" /><testcase classname="tests.methods.architectures.torch.test_mlp_policy" name="test_forward" time="0.001" /><testcase classname="tests.methods.architectures.torch.test_mlp_policy" name="test_forward_with_initializer" time="0.001" /><testcase classname="tests.methods.architectures.torch.test_q_net" name="test_forward" time="0.001" /><testcase classname="tests.methods.architectures.torch.test_q_net" name="test_forward_with_initializer" time="0.001" /><testcase classname="tests.methods.architectures.torch.test_q_net" name="test_forward_with_multiple_outputs" time="0.001" /><testcase classname="tests.methods.architectures.torch.test_utils" name="test_target_soft_update" time="0.001" /><testcase classname="tests.methods.architectures.torch.test_utils" name="test_target_soft_update_various_tau[0.1]" time="0.001" /><testcase classname="tests.methods.architectures.torch.test_utils" name="test_target_soft_update_various_tau[0.5]" time="0.001" /><testcase classname="tests.methods.architectures.torch.test_utils" name="test_target_soft_update_various_tau[0.9]" time="0.001" /><testcase classname="tests.utils.test_replay_buffer" name="test_add" time="0.001" /><testcase classname="tests.utils.test_replay_buffer" name="test_add_multiple_experiences" time="0.001" /><testcase classname="tests.utils.test_replay_buffer" name="test_sample[1]" time="0.001" /><testcase classname="tests.utils.test_replay_buffer" name="test_sample[2]" time="0.001" /><testcase classname="tests.utils.test_replay_buffer" name="test_clear" time="0.001" /></testsuite></testsuites>